<?xml version="1.0" encoding="UTF-8"?>
<!-- Generated by org.testng.reporters.JUnitReportReporter -->
<testsuite skipped="0" hostname="DESKTOP-L545F58" name="apiautomationdemo.APILocalServerDemo" tests="1" failures="0" timestamp="2020-06-04T15:22:47 IST" time="3.226" errors="0">
  <testcase name="test_GETRequestValidation" time="3.226" classname="apiautomationdemo.APILocalServerDemo"/>
  <system-out/>
</testsuite> <!-- apiautomationdemo.APILocalServerDemo -->
