<?xml version="1.0" encoding="UTF-8"?>
<!-- Generated by org.testng.reporters.JUnitReportReporter -->
<testsuite skipped="0" hostname="DESKTOP-L545F58" name="petstore.Petstore" tests="1" failures="0" timestamp="2020-05-31T15:41:30 IST" time="5.803" errors="0">
  <testcase name="test_findByStatus" time="5.803" classname="petstore.Petstore"/>
  <system-out/>
</testsuite> <!-- petstore.Petstore -->
